<?xml version="1.0" encoding="UTF-8"?>
<!-- Generated by org.testng.reporters.JUnitXMLReporter -->
<testsuite ignored="0" hostname="DESKTOP-1ECDSFV" failures="0" tests="3" name="Testes API de cadastro de usuarios" time="4.604" errors="0" timestamp="2023-11-08T02:12:07 GMT-03:00">
  <testcase classname="dev.serverest.runners.TestNGRunner" name="scenario" time="3.432"/>
  <testcase classname="dev.serverest.runners.TestNGRunner" name="scenario" time="3.44"/>
  <testcase classname="dev.serverest.runners.TestNGRunner" name="scenario" time="3.793"/>
</testsuite> <!-- Testes API de cadastro de usuarios -->
