<?xml version="1.0" encoding="UTF-8"?>
<testng-results ignored="0" total="3" passed="3" failed="0" skipped="0">
  <reporter-output>
  </reporter-output>
  <suite started-at="2023-11-08T02:12:02 GMT-03:00" name="Suite1" finished-at="2023-11-08T02:12:07 GMT-03:00" duration-ms="4604">
    <groups>
      <group name="cucumber scenarios">
        <method signature="TestNGRunner.scenario(io.cucumber.testng.PickleWrapper,io.cucumber.testng.FeatureWrapper)[pri:0, instance:dev.serverest.runners.TestNGRunner@5c5eefef]" name="scenario" class="dev.serverest.runners.TestNGRunner"/>
      </group> <!-- cucumber scenarios -->
    </groups>
    <test started-at="2023-11-08T02:12:02 GMT-03:00" name="Testes API de cadastro de usuarios" finished-at="2023-11-08T02:12:07 GMT-03:00" duration-ms="4604">
      <class name="dev.serverest.runners.TestNGRunner">
        <test-method is-config="true" signature="setUpClass()[pri:0, instance:dev.serverest.runners.TestNGRunner@5c5eefef]" started-at="2023-11-08T02:12:02 GMT-03:00" name="setUpClass" finished-at="2023-11-08T02:12:03 GMT-03:00" duration-ms="713" status="PASS">
          <reporter-output>
          </reporter-output>
        </test-method> <!-- setUpClass -->
        <test-method signature="scenario(io.cucumber.testng.PickleWrapper,io.cucumber.testng.FeatureWrapper)[pri:0, instance:dev.serverest.runners.TestNGRunner@5c5eefef]" started-at="2023-11-08T02:12:03 GMT-03:00" name="scenario" description="Runs Cucumber Scenarios" data-provider="scenarios" finished-at="2023-11-08T02:12:07 GMT-03:00" duration-ms="3793" status="PASS">
          <params>
            <param index="0">
              <value>
                <![CDATA["Editando uma conta já criada"]]>
              </value>
            </param>
            <param index="1">
              <value>
                <![CDATA["Cenarios de teste de usuarios"]]>
              </value>
            </param>
          </params>
          <reporter-output>
          </reporter-output>
        </test-method> <!-- scenario -->
        <test-method signature="scenario(io.cucumber.testng.PickleWrapper,io.cucumber.testng.FeatureWrapper)[pri:0, instance:dev.serverest.runners.TestNGRunner@5c5eefef]" started-at="2023-11-08T02:12:03 GMT-03:00" name="scenario" description="Runs Cucumber Scenarios" data-provider="scenarios" finished-at="2023-11-08T02:12:06 GMT-03:00" duration-ms="3440" status="PASS">
          <params>
            <param index="0">
              <value>
                <![CDATA["Criando uma conta normal"]]>
              </value>
            </param>
            <param index="1">
              <value>
                <![CDATA["Cenarios de teste de usuarios"]]>
              </value>
            </param>
          </params>
          <reporter-output>
          </reporter-output>
        </test-method> <!-- scenario -->
        <test-method signature="scenario(io.cucumber.testng.PickleWrapper,io.cucumber.testng.FeatureWrapper)[pri:0, instance:dev.serverest.runners.TestNGRunner@5c5eefef]" started-at="2023-11-08T02:12:03 GMT-03:00" name="scenario" description="Runs Cucumber Scenarios" data-provider="scenarios" finished-at="2023-11-08T02:12:06 GMT-03:00" duration-ms="3432" status="PASS">
          <params>
            <param index="0">
              <value>
                <![CDATA["Criando uma conta admin"]]>
              </value>
            </param>
            <param index="1">
              <value>
                <![CDATA["Cenarios de teste de usuarios"]]>
              </value>
            </param>
          </params>
          <reporter-output>
          </reporter-output>
        </test-method> <!-- scenario -->
        <test-method is-config="true" signature="tearDownClass()[pri:0, instance:dev.serverest.runners.TestNGRunner@5c5eefef]" started-at="2023-11-08T02:12:07 GMT-03:00" name="tearDownClass" finished-at="2023-11-08T02:12:07 GMT-03:00" duration-ms="40" status="PASS">
          <reporter-output>
          </reporter-output>
        </test-method> <!-- tearDownClass -->
      </class> <!-- dev.serverest.runners.TestNGRunner -->
    </test> <!-- Testes API de cadastro de usuarios -->
  </suite> <!-- Suite1 -->
</testng-results>
