<?xml version="1.0" encoding="UTF-8"?>
<testsuite xmlns:xsi="http://www.w3.org/2001/XMLSchema-instance" xsi:noNamespaceSchemaLocation="https://maven.apache.org/surefire/maven-surefire-plugin/xsd/surefire-test-report-3.0.xsd" version="3.0" name="TestSuite" time="5.171" tests="3" errors="0" skipped="0" failures="0">
  <properties>
[...]
</properties>
  <testcase name="scenario[&quot;Criando uma conta admin&quot;, &quot;Cenarios de teste de usuarios&quot;](1)" classname="dev.serverest.runners.TestNGRunner" time="3.417">
    <system-out><![CDATA[
@Test @CriandoUsuario
Cenario: Criando uma conta admin             # src/test/java/dev/serverest/features/UsuariosAPI.feature:12

@Test @CriandoUsuario
Cenario: Criando uma conta normal            # src/test/java/dev/serverest/features/UsuariosAPI.feature:6

@Test @CriandoUsuario
Cenario: Editando uma conta jÃ¡ criada       # src/test/java/dev/serverest/features/UsuariosAPI.feature:18
  Dado que quero criar um usuario admin      # dev.serverest.stepdef.UsuarioStepDef.que_Quero_Criar_Um_Usuario(java.lang.String)
  Dado que quero criar um usuario normal     # dev.serverest.stepdef.UsuarioStepDef.que_Quero_Criar_Um_Usuario(java.lang.String)
Request method:	POST
Request URI:	https://serverest.dev/usuarios
Proxy:			<none>
Request params:	<none>
Query params:	<none>
Form params:	<none>
Path params:	<none>
Headers:		Accept=*/*
				Content-Type=application/json
Cookies:		<none>
Multiparts:		<none>
Body:
{
    "email": "DaviMiguelSaraiva499@qa.com",
    "password": "4w4t2w8t",
    "nome": "Davi Miguel Saraiva",
    "administrador": "true"
}
Request method:	POST
Request URI:	https://serverest.dev/usuarios
Proxy:			<none>
Request params:	<none>
Query params:	<none>
Form params:	<none>
Path params:	<none>
Headers:		Accept=*/*
				Content-Type=application/json
Cookies:		<none>
Multiparts:		<none>
Body:
{
    "email": "KauêPalmeira747@qa.com",
    "password": "2y5z7s7b",
    "nome": "Kauê Palmeira",
    "administrador": "true"
}
Request method:	POST
Request URI:	https://serverest.dev/usuarios
Proxy:			<none>
Request params:	<none>
Query params:	<none>
Form params:	<none>
Path params:	<none>
Headers:		Accept=*/*
				Content-Type=application/json
Cookies:		<none>
Multiparts:		<none>
Body:
{
    "email": "MeireMeira080@qa.com",
    "password": "9h8e4k7r",
    "nome": "Meire Meira",
    "administrador": "false"
}
HTTP/1.1 201 Created
access-control-allow-origin: *
x-dns-prefetch-control: off
x-frame-options: SAMEORIGIN
strict-transport-security: max-age=15552000; includeSubDomains
x-download-options: noopen
x-content-type-options: nosniff
x-xss-protection: 1; mode=block
content-type: application/json; charset=utf-8
X-Cloud-Trace-Context: 7ef8b83cd360c81c6ee8a426d1416dd2
Date: Wed, 08 Nov 2023 05:12:05 GMT
Server: Google Frontend
Content-Length: 82

{
    "message": "Cadastro realizado com sucesso",
    "_id": "Jef7NaeUE3S1VDEE"
}
HTTP/1.1 201 Created
access-control-allow-origin: *
x-dns-prefetch-control: off
x-frame-options: SAMEORIGIN
strict-transport-security: max-age=15552000; includeSubDomains
x-download-options: noopen
x-content-type-options: nosniff
x-xss-protection: 1; mode=block
content-type: application/json; charset=utf-8
X-Cloud-Trace-Context: 34a7ddcf4ba90b410cb1c48ffb434efb;o=1
Date: Wed, 08 Nov 2023 05:12:05 GMT
Server: Google Frontend
Content-Length: 82

{
    "message": "Cadastro realizado com sucesso",
    "_id": "vfFgDxLpz1OZdY1m"
}
HTTP/1.1 201 Created
access-control-allow-origin: *
x-dns-prefetch-control: off
x-frame-options: SAMEORIGIN
strict-transport-security: max-age=15552000; includeSubDomains
x-download-options: noopen
x-content-type-options: nosniff
x-xss-protection: 1; mode=block
content-type: application/json; charset=utf-8
X-Cloud-Trace-Context: ca78f02aaef1197819293166c77cb49b
Date: Wed, 08 Nov 2023 05:12:05 GMT
Server: Google Frontend
Content-Length: 82

{
    "message": "Cadastro realizado com sucesso",
    "_id": "gNg8P6SP1TobHFVY"
}
  Dado tenho uma conta ja cadastrada        # dev.serverest.stepdef.UsuarioStepDef.tenho_Uma_Conta_Ja_Cadastrada()
  Quando eu fizer um POST na API de cadastro # dev.serverest.stepdef.UsuarioStepDef.eu_fizer_um_POST_na_API_de_cadastro()
  Quando eu fizer um POST na API de cadastro # dev.serverest.stepdef.UsuarioStepDef.eu_fizer_um_POST_na_API_de_cadastro()
Request method:	DELETE
Request URI:	https://serverest.dev/usuarios/Jef7NaeUE3S1VDEE
Proxy:			<none>
Request params:	<none>
Query params:	<none>
Form params:	<none>
Path params:	<none>
Headers:		Accept=*/*
				Content-Type=application/json
Cookies:		<none>
Multiparts:		<none>
Body:			<none>
Request method:	DELETE
Request URI:	https://serverest.dev/usuarios/gNg8P6SP1TobHFVY
Proxy:			<none>
Request params:	<none>
Query params:	<none>
Form params:	<none>
Path params:	<none>
Headers:		Accept=*/*
				Content-Type=application/json
Cookies:		<none>
Multiparts:		<none>
Body:			<none>
Request method:	PUT
Request URI:	https://serverest.dev/usuarios/vfFgDxLpz1OZdY1m
Proxy:			<none>
Request params:	<none>
Query params:	<none>
Form params:	<none>
Path params:	<none>
Headers:		Accept=*/*
				Content-Type=application/json
Cookies:		<none>
Multiparts:		<none>
Body:
{
    "email": "LetíciadaAldeia026@qa.com",
    "password": "3x0w7b1t",
    "nome": "Letícia da Aldeia",
    "administrador": "true"
}
  Entao o status code sera 201               # dev.serverest.stepdef.UsuarioStepDef.o_status_code_sera(java.lang.Integer)
]]></system-out>
    <system-err><![CDATA[SLF4J: Failed to load class "org.slf4j.impl.StaticLoggerBinder".
SLF4J: Defaulting to no-operation (NOP) logger implementation
SLF4J: See http://www.slf4j.org/codes.html#StaticLoggerBinder for further details.
]]></system-err>
  </testcase>
  <testcase name="scenario[&quot;Criando uma conta normal&quot;, &quot;Cenarios de teste de usuarios&quot;](2)" classname="dev.serverest.runners.TestNGRunner" time="3.422">
    <system-out><![CDATA[  Entao o status code sera 201               # dev.serverest.stepdef.UsuarioStepDef.o_status_code_sera(java.lang.Integer)
]]></system-out>
  </testcase>
  <testcase name="scenario[&quot;Editando uma conta já criada&quot;, &quot;Cenarios de teste de usuarios&quot;](3)" classname="dev.serverest.runners.TestNGRunner" time="3.774">
    <system-out><![CDATA[  Quando eu fizer um PUT na API de cadastro # dev.serverest.stepdef.UsuarioStepDef.eu_Fizer_Um_PUT_Na_API_De_Cadastro()
Request method:	DELETE
Request URI:	https://serverest.dev/usuarios/vfFgDxLpz1OZdY1m
Proxy:			<none>
Request params:	<none>
Query params:	<none>
Form params:	<none>
Path params:	<none>
Headers:		Accept=*/*
				Content-Type=application/json
Cookies:		<none>
Multiparts:		<none>
Body:			<none>
  Entao o status code sera 200              # dev.serverest.stepdef.UsuarioStepDef.o_status_code_sera(java.lang.Integer)
]]></system-out>
  </testcase>
</testsuite>